2023-03-10 11:21:19,395 [Worker-5: Loading available Gradle versions] INFO  o.e.b.c.i.u.g.PublishedGradleVersions - Gradle version information cache is out-of-date. Trying to update.
2023-03-10 11:21:21,129 [Worker-5: Loading available Gradle versions] INFO  o.e.b.c.i.u.g.PublishedGradleVersions - Updating Gradle version information cache failed. Using outdated cache.
2023-03-10 11:23:02,762 [Worker-11: Building] INFO  o.e.m.c.i.l.LifecycleMappingFactory - Using org.eclipse.m2e.jdt.JarLifecycleMapping lifecycle mapping for MavenProject: com.scrap:ScrapYardFinal:0.0.1-SNAPSHOT @ C:\Users\vijay\Desktop\mainProject\EScrapyard-main\EScrapyard-main\ScrapyardFinal\ScrapyardFinal\pom.xml.
2023-03-10 11:23:16,638 [Worker-11: Building] INFO  o.e.m.c.i.embedder.EclipseLogger - Using 'UTF-8' encoding to copy filtered resources.
2023-03-10 11:23:16,639 [Worker-11: Building] INFO  o.e.m.c.i.embedder.EclipseLogger - Using 'UTF-8' encoding to copy filtered properties files.
2023-03-10 11:23:16,645 [Worker-11: Building] INFO  o.e.m.c.i.embedder.EclipseLogger - Copying 1 resource
2023-03-10 11:23:16,814 [Worker-11: Building] INFO  o.e.m.c.i.embedder.EclipseLogger - Using 'UTF-8' encoding to copy filtered resources.
2023-03-10 11:23:16,814 [Worker-11: Building] INFO  o.e.m.c.i.embedder.EclipseLogger - Using 'UTF-8' encoding to copy filtered properties files.
2023-03-10 11:23:16,815 [Worker-11: Building] INFO  o.e.m.c.i.embedder.EclipseLogger - skip non existing resourceDirectory C:\Users\vijay\Desktop\mainProject\EScrapyard-main\EScrapyard-main\ScrapyardFinal\ScrapyardFinal\src\test\resources
2023-03-10 11:23:17,668 [Worker-4: Updating Maven Project] INFO  o.e.m.c.i.p.ProjectConfigurationManager - Update started
2023-03-10 11:23:17,856 [Worker-2: Updating Maven Dependencies] INFO  o.e.m.c.i.l.LifecycleMappingFactory - Using org.eclipse.m2e.jdt.JarLifecycleMapping lifecycle mapping for MavenProject: com.scrap:ScrapYardFinal:0.0.1-SNAPSHOT @ C:\Users\vijay\Desktop\mainProject\EScrapyard-main\EScrapyard-main\ScrapyardFinal\ScrapyardFinal\pom.xml.
2023-03-10 11:23:19,092 [Worker-4: Updating Maven Project] INFO  o.e.m.c.i.l.LifecycleMappingFactory - Using org.eclipse.m2e.jdt.JarLifecycleMapping lifecycle mapping for MavenProject: com.scrap:ScrapYardFinal:0.0.1-SNAPSHOT @ C:\Users\vijay\Desktop\mainProject\EScrapyard-main\EScrapyard-main\ScrapyardFinal\ScrapyardFinal\pom.xml.
2023-03-10 11:23:20,321 [Worker-4: Updating Maven Project] INFO  o.e.m.j.i.AbstractJavaProjectConfigurator - Adding source folder /ScrapyardFinal/src/main/java
2023-03-10 11:23:20,322 [Worker-4: Updating Maven Project] INFO  o.e.m.j.i.AbstractJavaProjectConfigurator - Adding resource folder /ScrapyardFinal/src/main/resources
2023-03-10 11:23:20,343 [Worker-4: Updating Maven Project] INFO  o.e.m.j.i.AbstractJavaProjectConfigurator - Adding resource folder /ScrapyardFinal/src/main/resources
2023-03-10 11:23:20,362 [Worker-4: Updating Maven Project] INFO  o.e.m.j.i.AbstractJavaProjectConfigurator - Adding source folder /ScrapyardFinal/src/test/java
2023-03-10 11:23:21,400 [Worker-4: Updating Maven Project] INFO  o.e.m.c.i.p.ProjectConfigurationManager - Update completed: 3 sec
2023-03-10 11:23:24,814 [Worker-3: Updating Maven Dependencies] INFO  o.e.m.c.i.l.LifecycleMappingFactory - Using org.eclipse.m2e.jdt.JarLifecycleMapping lifecycle mapping for MavenProject: com.scrap:ScrapYardFinal:0.0.1-SNAPSHOT @ C:\Users\vijay\Desktop\mainProject\EScrapyard-main\EScrapyard-main\ScrapyardFinal\ScrapyardFinal\pom.xml.
2023-03-10 11:23:24,830 [Worker-1: Building] INFO  o.e.m.c.i.embedder.EclipseLogger - Using 'UTF-8' encoding to copy filtered resources.
2023-03-10 11:23:24,830 [Worker-1: Building] INFO  o.e.m.c.i.embedder.EclipseLogger - Using 'UTF-8' encoding to copy filtered properties files.
2023-03-10 11:23:24,831 [Worker-1: Building] INFO  o.e.m.c.i.embedder.EclipseLogger - Copying 1 resource
2023-03-10 11:23:24,882 [Worker-1: Building] INFO  o.e.m.c.i.embedder.EclipseLogger - Copying 0 resource
2023-03-10 11:23:24,943 [Worker-1: Building] INFO  o.e.m.c.i.embedder.EclipseLogger - Using 'UTF-8' encoding to copy filtered resources.
2023-03-10 11:23:24,943 [Worker-1: Building] INFO  o.e.m.c.i.embedder.EclipseLogger - Using 'UTF-8' encoding to copy filtered properties files.
2023-03-10 11:23:24,944 [Worker-1: Building] INFO  o.e.m.c.i.embedder.EclipseLogger - skip non existing resourceDirectory C:\Users\vijay\Desktop\mainProject\EScrapyard-main\EScrapyard-main\ScrapyardFinal\ScrapyardFinal\src\test\resources
2023-03-10 11:23:26,810 [Worker-2: Building] INFO  o.e.m.c.i.embedder.EclipseLogger - Using 'UTF-8' encoding to copy filtered resources.
2023-03-10 11:23:26,811 [Worker-2: Building] INFO  o.e.m.c.i.embedder.EclipseLogger - Using 'UTF-8' encoding to copy filtered properties files.
2023-03-10 11:23:26,813 [Worker-2: Building] INFO  o.e.m.c.i.embedder.EclipseLogger - Copying 0 resource
2023-03-10 11:23:26,814 [Worker-2: Building] INFO  o.e.m.c.i.embedder.EclipseLogger - Copying 0 resource
2023-03-10 11:23:26,822 [Worker-2: Building] INFO  o.e.m.c.i.embedder.EclipseLogger - Using 'UTF-8' encoding to copy filtered resources.
2023-03-10 11:23:26,822 [Worker-2: Building] INFO  o.e.m.c.i.embedder.EclipseLogger - Using 'UTF-8' encoding to copy filtered properties files.
2023-03-10 11:23:26,822 [Worker-2: Building] INFO  o.e.m.c.i.embedder.EclipseLogger - skip non existing resourceDirectory C:\Users\vijay\Desktop\mainProject\EScrapyard-main\EScrapyard-main\ScrapyardFinal\ScrapyardFinal\src\test\resources
2023-03-10 11:31:22,313 [Worker-15: Building] INFO  o.e.m.c.i.embedder.EclipseLogger - Using 'UTF-8' encoding to copy filtered resources.
2023-03-10 11:31:22,315 [Worker-15: Building] INFO  o.e.m.c.i.embedder.EclipseLogger - Using 'UTF-8' encoding to copy filtered properties files.
2023-03-10 11:31:22,328 [Worker-15: Building] INFO  o.e.m.c.i.embedder.EclipseLogger - Copying 1 resource
2023-03-10 11:31:22,338 [Worker-15: Building] INFO  o.e.m.c.i.embedder.EclipseLogger - Copying 0 resource
2023-03-10 11:31:22,344 [Worker-15: Building] INFO  o.e.m.c.i.embedder.EclipseLogger - Using 'UTF-8' encoding to copy filtered resources.
2023-03-10 11:31:22,345 [Worker-15: Building] INFO  o.e.m.c.i.embedder.EclipseLogger - Using 'UTF-8' encoding to copy filtered properties files.
2023-03-10 11:31:22,345 [Worker-15: Building] INFO  o.e.m.c.i.embedder.EclipseLogger - skip non existing resourceDirectory C:\Users\vijay\Desktop\mainProject\EScrapyard-main\EScrapyard-main\ScrapyardFinal\ScrapyardFinal\src\test\resources
2023-03-10 11:33:00,917 [Worker-18: Building] INFO  o.e.m.c.i.embedder.EclipseLogger - Using 'UTF-8' encoding to copy filtered resources.
2023-03-10 11:33:00,918 [Worker-18: Building] INFO  o.e.m.c.i.embedder.EclipseLogger - Using 'UTF-8' encoding to copy filtered properties files.
2023-03-10 11:33:00,919 [Worker-18: Building] INFO  o.e.m.c.i.embedder.EclipseLogger - Copying 1 resource
2023-03-10 11:33:00,944 [Worker-18: Building] INFO  o.e.m.c.i.embedder.EclipseLogger - Copying 0 resource
2023-03-10 11:33:00,951 [Worker-18: Building] INFO  o.e.m.c.i.embedder.EclipseLogger - Using 'UTF-8' encoding to copy filtered resources.
2023-03-10 11:33:00,951 [Worker-18: Building] INFO  o.e.m.c.i.embedder.EclipseLogger - Using 'UTF-8' encoding to copy filtered properties files.
2023-03-10 11:33:00,951 [Worker-18: Building] INFO  o.e.m.c.i.embedder.EclipseLogger - skip non existing resourceDirectory C:\Users\vijay\Desktop\mainProject\EScrapyard-main\EScrapyard-main\ScrapyardFinal\ScrapyardFinal\src\test\resources
2023-03-10 11:33:48,679 [Worker-17: Building] INFO  o.e.m.c.i.embedder.EclipseLogger - Using 'UTF-8' encoding to copy filtered resources.
2023-03-10 11:33:48,680 [Worker-17: Building] INFO  o.e.m.c.i.embedder.EclipseLogger - Using 'UTF-8' encoding to copy filtered properties files.
2023-03-10 11:33:48,681 [Worker-17: Building] INFO  o.e.m.c.i.embedder.EclipseLogger - Copying 1 resource
2023-03-10 11:33:48,709 [Worker-17: Building] INFO  o.e.m.c.i.embedder.EclipseLogger - Copying 0 resource
2023-03-10 11:33:48,717 [Worker-17: Building] INFO  o.e.m.c.i.embedder.EclipseLogger - Using 'UTF-8' encoding to copy filtered resources.
2023-03-10 11:33:48,717 [Worker-17: Building] INFO  o.e.m.c.i.embedder.EclipseLogger - Using 'UTF-8' encoding to copy filtered properties files.
2023-03-10 11:33:48,718 [Worker-17: Building] INFO  o.e.m.c.i.embedder.EclipseLogger - skip non existing resourceDirectory C:\Users\vijay\Desktop\mainProject\EScrapyard-main\EScrapyard-main\ScrapyardFinal\ScrapyardFinal\src\test\resources
2023-03-10 11:34:30,661 [Worker-17: Building] INFO  o.e.m.c.i.embedder.EclipseLogger - Using 'UTF-8' encoding to copy filtered resources.
2023-03-10 11:34:30,661 [Worker-17: Building] INFO  o.e.m.c.i.embedder.EclipseLogger - Using 'UTF-8' encoding to copy filtered properties files.
2023-03-10 11:34:30,662 [Worker-17: Building] INFO  o.e.m.c.i.embedder.EclipseLogger - Copying 1 resource
2023-03-10 11:34:30,675 [Worker-17: Building] INFO  o.e.m.c.i.embedder.EclipseLogger - Copying 0 resource
2023-03-10 11:34:30,681 [Worker-17: Building] INFO  o.e.m.c.i.embedder.EclipseLogger - Using 'UTF-8' encoding to copy filtered resources.
2023-03-10 11:34:30,681 [Worker-17: Building] INFO  o.e.m.c.i.embedder.EclipseLogger - Using 'UTF-8' encoding to copy filtered properties files.
2023-03-10 11:34:30,681 [Worker-17: Building] INFO  o.e.m.c.i.embedder.EclipseLogger - skip non existing resourceDirectory C:\Users\vijay\Desktop\mainProject\EScrapyard-main\EScrapyard-main\ScrapyardFinal\ScrapyardFinal\src\test\resources
2023-03-10 11:34:34,873 [Worker-15: Building] INFO  o.e.m.c.i.embedder.EclipseLogger - Using 'UTF-8' encoding to copy filtered resources.
2023-03-10 11:34:34,874 [Worker-15: Building] INFO  o.e.m.c.i.embedder.EclipseLogger - Using 'UTF-8' encoding to copy filtered properties files.
2023-03-10 11:34:34,874 [Worker-15: Building] INFO  o.e.m.c.i.embedder.EclipseLogger - Copying 1 resource
2023-03-10 11:34:34,888 [Worker-15: Building] INFO  o.e.m.c.i.embedder.EclipseLogger - Copying 0 resource
2023-03-10 11:34:34,894 [Worker-15: Building] INFO  o.e.m.c.i.embedder.EclipseLogger - Using 'UTF-8' encoding to copy filtered resources.
2023-03-10 11:34:34,894 [Worker-15: Building] INFO  o.e.m.c.i.embedder.EclipseLogger - Using 'UTF-8' encoding to copy filtered properties files.
2023-03-10 11:34:34,894 [Worker-15: Building] INFO  o.e.m.c.i.embedder.EclipseLogger - skip non existing resourceDirectory C:\Users\vijay\Desktop\mainProject\EScrapyard-main\EScrapyard-main\ScrapyardFinal\ScrapyardFinal\src\test\resources
2023-03-10 11:35:57,020 [Worker-19: Building] INFO  o.e.m.c.i.embedder.EclipseLogger - Using 'UTF-8' encoding to copy filtered resources.
2023-03-10 11:35:57,020 [Worker-19: Building] INFO  o.e.m.c.i.embedder.EclipseLogger - Using 'UTF-8' encoding to copy filtered properties files.
2023-03-10 11:35:57,021 [Worker-19: Building] INFO  o.e.m.c.i.embedder.EclipseLogger - Copying 1 resource
2023-03-10 11:35:57,033 [Worker-19: Building] INFO  o.e.m.c.i.embedder.EclipseLogger - Copying 0 resource
2023-03-10 11:35:57,038 [Worker-19: Building] INFO  o.e.m.c.i.embedder.EclipseLogger - Using 'UTF-8' encoding to copy filtered resources.
2023-03-10 11:35:57,039 [Worker-19: Building] INFO  o.e.m.c.i.embedder.EclipseLogger - Using 'UTF-8' encoding to copy filtered properties files.
2023-03-10 11:35:57,039 [Worker-19: Building] INFO  o.e.m.c.i.embedder.EclipseLogger - skip non existing resourceDirectory C:\Users\vijay\Desktop\mainProject\EScrapyard-main\EScrapyard-main\ScrapyardFinal\ScrapyardFinal\src\test\resources
2023-03-10 11:36:57,012 [Worker-17: Building] INFO  o.e.m.c.i.embedder.EclipseLogger - Using 'UTF-8' encoding to copy filtered resources.
2023-03-10 11:36:57,012 [Worker-17: Building] INFO  o.e.m.c.i.embedder.EclipseLogger - Using 'UTF-8' encoding to copy filtered properties files.
2023-03-10 11:36:57,013 [Worker-17: Building] INFO  o.e.m.c.i.embedder.EclipseLogger - Copying 1 resource
2023-03-10 11:36:57,026 [Worker-17: Building] INFO  o.e.m.c.i.embedder.EclipseLogger - Copying 0 resource
2023-03-10 11:36:57,032 [Worker-17: Building] INFO  o.e.m.c.i.embedder.EclipseLogger - Using 'UTF-8' encoding to copy filtered resources.
2023-03-10 11:36:57,032 [Worker-17: Building] INFO  o.e.m.c.i.embedder.EclipseLogger - Using 'UTF-8' encoding to copy filtered properties files.
2023-03-10 11:36:57,032 [Worker-17: Building] INFO  o.e.m.c.i.embedder.EclipseLogger - skip non existing resourceDirectory C:\Users\vijay\Desktop\mainProject\EScrapyard-main\EScrapyard-main\ScrapyardFinal\ScrapyardFinal\src\test\resources
2023-03-10 11:37:37,561 [Worker-0: Building] INFO  o.e.m.c.i.embedder.EclipseLogger - Using 'UTF-8' encoding to copy filtered resources.
2023-03-10 11:37:37,562 [Worker-0: Building] INFO  o.e.m.c.i.embedder.EclipseLogger - Using 'UTF-8' encoding to copy filtered properties files.
2023-03-10 11:37:37,562 [Worker-0: Building] INFO  o.e.m.c.i.embedder.EclipseLogger - Copying 1 resource
2023-03-10 11:37:37,577 [Worker-0: Building] INFO  o.e.m.c.i.embedder.EclipseLogger - Copying 0 resource
2023-03-10 11:37:37,582 [Worker-0: Building] INFO  o.e.m.c.i.embedder.EclipseLogger - Using 'UTF-8' encoding to copy filtered resources.
2023-03-10 11:37:37,582 [Worker-0: Building] INFO  o.e.m.c.i.embedder.EclipseLogger - Using 'UTF-8' encoding to copy filtered properties files.
2023-03-10 11:37:37,583 [Worker-0: Building] INFO  o.e.m.c.i.embedder.EclipseLogger - skip non existing resourceDirectory C:\Users\vijay\Desktop\mainProject\EScrapyard-main\EScrapyard-main\ScrapyardFinal\ScrapyardFinal\src\test\resources
2023-03-10 14:44:34,977 [Worker-2: Loading available Gradle versions] INFO  o.e.b.c.i.u.g.PublishedGradleVersions - Gradle version information cache is out-of-date. Trying to update.
2023-03-10 17:49:00,232 [Worker-30: Building] INFO  o.e.m.c.i.embedder.EclipseLogger - Using 'UTF-8' encoding to copy filtered resources.
2023-03-10 17:49:00,235 [Worker-30: Building] INFO  o.e.m.c.i.embedder.EclipseLogger - Using 'UTF-8' encoding to copy filtered properties files.
2023-03-10 17:49:00,247 [Worker-30: Building] INFO  o.e.m.c.i.embedder.EclipseLogger - Copying 1 resource
2023-03-10 17:49:00,418 [Worker-30: Building] INFO  o.e.m.c.i.embedder.EclipseLogger - Copying 0 resource
2023-03-10 17:49:00,431 [Worker-30: Building] INFO  o.e.m.c.i.embedder.EclipseLogger - Using 'UTF-8' encoding to copy filtered resources.
2023-03-10 17:49:00,431 [Worker-30: Building] INFO  o.e.m.c.i.embedder.EclipseLogger - Using 'UTF-8' encoding to copy filtered properties files.
2023-03-10 17:49:00,431 [Worker-30: Building] INFO  o.e.m.c.i.embedder.EclipseLogger - skip non existing resourceDirectory C:\Users\vijay\Desktop\mainProject\EScrapyard-main\EScrapyard-main\ScrapyardFinal\ScrapyardFinal\src\test\resources
2023-03-12 07:11:54,717 [Worker-1: Loading available Gradle versions] INFO  o.e.b.c.i.u.g.PublishedGradleVersions - Gradle version information cache is out-of-date. Trying to update.
2023-03-12 07:21:53,398 [Worker-12: https://raw.githubusercontent.com/thymeleaf/thymeleaf-extras-eclipse-plugin/update-site/2.1.2/content.jar] INFO  o.a.h.c.h.i.c.HttpRequestRetryExec - Recoverable I/O exception (java.net.SocketException) caught when processing request to {s}->https://raw.githubusercontent.com:443
2023-03-12 07:21:58,091 [Worker-15: https://raw.githubusercontent.com/thymeleaf/thymeleaf-extras-eclipse-plugin/update-site/2.1.2/content.xml] INFO  o.a.h.c.h.i.c.HttpRequestRetryExec - Recoverable I/O exception (java.net.SocketException) caught when processing request to {s}->https://raw.githubusercontent.com:443
2023-03-12 07:22:00,981 [Worker-15: https://raw.githubusercontent.com/thymeleaf/thymeleaf-extras-eclipse-plugin/update-site/3.0.0/content.jar] INFO  o.a.h.c.h.i.c.HttpRequestRetryExec - Recoverable I/O exception (java.net.SocketException) caught when processing request to {s}->https://raw.githubusercontent.com:443
2023-03-12 07:22:03,721 [Worker-8: https://raw.githubusercontent.com/thymeleaf/thymeleaf-extras-eclipse-plugin/update-site/3.0.0/content.jar] INFO  o.a.h.c.h.i.c.HttpRequestRetryExec - Recoverable I/O exception (java.net.SocketException) caught when processing request to {s}->https://raw.githubusercontent.com:443
2023-03-12 07:22:06,369 [Worker-14: https://raw.githubusercontent.com/thymeleaf/thymeleaf-extras-eclipse-plugin/update-site/3.0.0/content.jar] INFO  o.a.h.c.h.i.c.HttpRequestRetryExec - Recoverable I/O exception (java.net.SocketException) caught when processing request to {s}->https://raw.githubusercontent.com:443
2023-03-12 07:22:08,851 [Worker-12: https://raw.githubusercontent.com/thymeleaf/thymeleaf-extras-eclipse-plugin/update-site/3.0.1/content.jar] INFO  o.a.h.c.h.i.c.HttpRequestRetryExec - Recoverable I/O exception (java.net.SocketException) caught when processing request to {s}->https://raw.githubusercontent.com:443
2023-03-12 07:25:14,426 [Worker-15: https://raw.githubusercontent.com/thymeleaf/thymeleaf-extras-eclipse-plugin/update-site/2.1.2/artifacts.jar] INFO  o.a.h.c.h.i.c.HttpRequestRetryExec - Recoverable I/O exception (java.net.SocketException) caught when processing request to {s}->https://raw.githubusercontent.com:443
2023-03-12 07:25:20,995 [Worker-15: https://raw.githubusercontent.com/thymeleaf/thymeleaf-extras-eclipse-plugin/update-site/2.1.2/site.xml] INFO  o.a.h.c.h.i.c.HttpRequestRetryExec - Recoverable I/O exception (java.net.SocketException) caught when processing request to {s}->https://raw.githubusercontent.com:443
2023-03-12 07:25:23,924 [Worker-8: https://raw.githubusercontent.com/thymeleaf/thymeleaf-extras-eclipse-plugin/update-site/3.0.0/artifacts.jar] INFO  o.a.h.c.h.i.c.HttpRequestRetryExec - Recoverable I/O exception (java.net.SocketException) caught when processing request to {s}->https://raw.githubusercontent.com:443
2023-03-12 07:25:26,399 [Worker-8: https://raw.githubusercontent.com/thymeleaf/thymeleaf-extras-eclipse-plugin/update-site/3.0.0/artifacts.xml] INFO  o.a.h.c.h.i.c.HttpRequestRetryExec - Recoverable I/O exception (java.net.SocketException) caught when processing request to {s}->https://raw.githubusercontent.com:443
2023-03-12 07:25:28,820 [Worker-8: https://raw.githubusercontent.com/thymeleaf/thymeleaf-extras-eclipse-plugin/update-site/3.0.0/artifacts.xml.xz] INFO  o.a.h.c.h.i.c.HttpRequestRetryExec - Recoverable I/O exception (java.net.SocketException) caught when processing request to {s}->https://raw.githubusercontent.com:443
2023-03-12 07:25:31,441 [Worker-8: https://raw.githubusercontent.com/thymeleaf/thymeleaf-extras-eclipse-plugin/update-site/3.0.0/compositeArtifacts.jar] INFO  o.a.h.c.h.i.c.HttpRequestRetryExec - Recoverable I/O exception (java.net.SocketException) caught when processing request to {s}->https://raw.githubusercontent.com:443
2023-03-12 07:25:33,924 [Worker-8: https://raw.githubusercontent.com/thymeleaf/thymeleaf-extras-eclipse-plugin/update-site/3.0.0/compositeArtifacts.xml] INFO  o.a.h.c.h.i.c.HttpRequestRetryExec - Recoverable I/O exception (java.net.SocketException) caught when processing request to {s}->https://raw.githubusercontent.com:443
2023-03-12 07:25:36,399 [Worker-14: https://raw.githubusercontent.com/thymeleaf/thymeleaf-extras-eclipse-plugin/update-site/3.0.1/artifacts.jar] INFO  o.a.h.c.h.i.c.HttpRequestRetryExec - Recoverable I/O exception (java.net.SocketException) caught when processing request to {s}->https://raw.githubusercontent.com:443
2023-03-12 07:25:38,905 [Worker-14: https://raw.githubusercontent.com/thymeleaf/thymeleaf-extras-eclipse-plugin/update-site/3.0.1/artifacts.xml] INFO  o.a.h.c.h.i.c.HttpRequestRetryExec - Recoverable I/O exception (java.net.SocketException) caught when processing request to {s}->https://raw.githubusercontent.com:443
